


ARM Macro Assembler    Page 1 


    1 00000000         
    2 00000000                 PRESERVE8
    3 00000000                 THUMB
    4 00000000         
    5 00000000         
    6 00000000         ; Vector Table Mapped to Address 0 at Reset
    7 00000000                 AREA             RESET, DATA, READONLY
    8 00000000                 EXPORT           __Vectors
    9 00000000                 EXPORT           StartTask_asm
   10 00000000                 IMPORT           HardFault_Handler
   11 00000000                 IMPORT           UsageFault_Handler
   12 00000000                 IMPORT           SVC_Handler
   13 00000000                 IMPORT           SysTick_Handler
   14 00000000         
   15 00000000 00000000 
                       __Vectors
                               DCD              0
   16 00000004 00000000        DCD              Reset_Handler ; Reset Handler
   17 00000008 00000000        DCD              0           ; NMI Handler
   18 0000000C 00000000        DCD              HardFault_Handler ; Hard Fault 
                                                            Handler
   19 00000010 00000000        DCD              0           ; MPU Fault Handler
                                                            
   20 00000014 00000000        DCD              0           ; Bus Fault Handler
                                                            
   21 00000018 00000000        DCD              UsageFault_Handler_asm ; Usage 
                                                            Fault Handler
   22 0000001C 00000000        DCD              0           ; Reserved
   23 00000020 00000000        DCD              0           ; Reserved
   24 00000024 00000000        DCD              0           ; Reserved
   25 00000028 00000000        DCD              0           ; Reserved
   26 0000002C 00000000        DCD              SVC_Handler ; SVCall Handler
   27 00000030 00000000        DCD              0           ; Debug Monitor Han
                                                            dler
   28 00000034 00000000        DCD              0           ; Reserved
   29 00000038 00000000        DCD              0           ; PendSV Handler
   30 0000003C 00000000        DCD              SysTick_Handler_asm 
                                                            ; SysTick Handler
   31 00000040                 AREA             |.text|, CODE, READONLY
   32 00000000         
   33 00000000         ; Reset handler
   34 00000000         Reset_Handler
                               PROC
   35 00000000                 EXPORT           Reset_Handler             [WEAK
]
   36 00000000                 IMPORT           mymain
   37 00000000         
   38 00000000                 IMPORT           SystemInit
   39 00000000                 IMPORT           uart_init
   40 00000000                 IMPORT           UsageFaultInit
   41 00000000                 IMPORT           SysTickInit
   42 00000000                 IMPORT           LedInit
   43 00000000         
   44 00000000 F8DF D05C       LDR              SP, =(0x20000000+0x10000)
   45 00000004         
   46 00000004 F7FF FFFE       BL               SystemInit
   47 00000008         
   48 00000008 F7FF FFFE       BL               uart_init
   49 0000000C         



ARM Macro Assembler    Page 2 


   50 0000000C F7FF FFFE       BL               UsageFaultInit
   51 00000010         
   52 00000010 F04F 0000       LDR              R0, =0
   53 00000014 F04F 3111       LDR              R1, =0x11111111
   54 00000018 F04F 3222       LDR              R2, =0x22222222
   55 0000001C F04F 3333       LDR              R3, =0x33333333
   56 00000020 F04F 3C44       LDR              R12, =0x44444444
   57 00000024 F04F 3E55       LDR              LR, =0x55555555
   58 00000028         
   59 00000028 FFFFFFFF        DCD              0xffffffff
   60 0000002C         
   61 0000002C DF01            SVC              #1
   62 0000002E         
   63 0000002E F7FF FFFE       BL               SysTickInit
   64 00000032         
   65 00000032 F7FF FFFE       BL               LedInit
   66 00000036         
   67 00000036         ;BL mymain
   68 00000036 480B            LDR              R0, =mymain
   69 00000038 4780            BLX              R0
   70 0000003A         
   71 0000003A                 ENDP
   72 0000003A         
   73 0000003A         UsageFault_Handler_asm
                               PROC
   74 0000003A 4668            MOV              R0, SP
   75 0000003C F7FF BFFE       B                UsageFault_Handler
   76 00000040                 ENDP
   77 00000040         
   78 00000040         StartTask_asm
                               PROC
   79 00000040         
   80 00000040         ; ‰ªé‰ªªÂä°ÁöÑÊ†àÈáåÊääR4~R11ËØªÂá∫Êù•ÂÜôÂÖ•ÂØÑÂ≠òÂô®
   81 00000040         ; r0 : ‰øùÂ≠òÊúâ‰ªªÂä°ÁöÑÊ†à    
   82 00000040         ; r1 : ‰øùÂ≠òÊúâLR(ÁâπÊÆäÂÄº)
   83 00000040 E8B0 0FF0       LDMIA            r0!, { r4 - r11 }
   84 00000044         
   85 00000044         ; Êõ¥Êñ∞SP
   86 00000044 F380 8808       MSR              MSP, R0
   87 00000048         ;MOV SP, R0
   88 00000048         
   89 00000048         ; Ëß¶ÂèëÁ°¨‰ª∂‰∏≠Êñ≠ËøîÂõû: ÂÆÉ‰ºöÊääÊ†àÈáåÂÖ∂‰ªñÂÄºËØªÂ
                       á∫Êù•ÂÜôÂÖ•ÂØÑÂ≠òÂô®(R0,R1,R2,R3,R12,PSR)
   90 00000048 4708            BX               R1
   91 0000004A         
   92 0000004A                 ENDP
   93 0000004A         
   94 0000004A         SysTick_Handler_asm
                               PROC
   95 0000004A         
   96 0000004A         ; Âú®ËøôÈáå‰øùÂ≠òR4~R11
   97 0000004A E92D 0FF0       STMDB            sp!, { r4 - r11 }
   98 0000004E B500            STMDB            sp!, { lr }
   99 00000050         
  100 00000050 4670            MOV              R0, LR      ; LRÊòØ‰∏Ä‰∏™ÁâπÊÆä
                                                            ÂÄº
  101 00000052 A901            ADD              R1, SP, #4
  102 00000054 F7FF FFFE       BL               SysTick_Handler ; Ëøô‰∏™CÂáΩÊï∞
                                                            ‰øùËØÅ‰∏çÁ†¥ÂùèR4~R



ARM Macro Assembler    Page 3 


                                                            11
  103 00000058         
  104 00000058 BC01            LDMIA            sp!, { r0 }
  105 0000005A         
  106 0000005A E8BD 0FF0       LDMIA            sp!, { r4 - r11 }
  107 0000005E         
  108 0000005E 4700            BX               R0
  109 00000060         
  110 00000060                 ENDP
  111 00000060         
  112 00000060                 END
              20010000 
              00000000 
Command Line: --debug --xref --diag_suppress=9931 --cpu=Cortex-M3 --apcs=interw
ork --depend=.\objects\start.d -o.\objects\start.o -I.\RTE\_led_c -IC:\Users\we
idongshan\AppData\Local\Arm\Packs\Keil\STM32F1xx_DFP\2.3.0\Device\Include -IC:\
Keil_v5\ARM\CMSIS\Include --predefine="__UVISION_VERSION SETA 527" --predefine=
"STM32F10X_HD SETA 1" --list=.\listings\start.lst start.s



ARM Macro Assembler    Page 1 Alphabetic symbol ordering
Relocatable symbols

RESET 00000000

Symbol: RESET
   Definitions
      At line 7 in file start.s
   Uses
      None
Comment: RESET unused
__Vectors 00000000

Symbol: __Vectors
   Definitions
      At line 15 in file start.s
   Uses
      At line 8 in file start.s
Comment: __Vectors used once
2 symbols



ARM Macro Assembler    Page 1 Alphabetic symbol ordering
Relocatable symbols

.text 00000000

Symbol: .text
   Definitions
      At line 31 in file start.s
   Uses
      None
Comment: .text unused
Reset_Handler 00000000

Symbol: Reset_Handler
   Definitions
      At line 34 in file start.s
   Uses
      At line 16 in file start.s
      At line 35 in file start.s

StartTask_asm 00000040

Symbol: StartTask_asm
   Definitions
      At line 78 in file start.s
   Uses
      At line 9 in file start.s
Comment: StartTask_asm used once
SysTick_Handler_asm 0000004A

Symbol: SysTick_Handler_asm
   Definitions
      At line 94 in file start.s
   Uses
      At line 30 in file start.s
Comment: SysTick_Handler_asm used once
UsageFault_Handler_asm 0000003A

Symbol: UsageFault_Handler_asm
   Definitions
      At line 73 in file start.s
   Uses
      At line 21 in file start.s
Comment: UsageFault_Handler_asm used once
5 symbols



ARM Macro Assembler    Page 1 Alphabetic symbol ordering
External symbols

HardFault_Handler 00000000

Symbol: HardFault_Handler
   Definitions
      At line 10 in file start.s
   Uses
      At line 18 in file start.s
Comment: HardFault_Handler used once
LedInit 00000000

Symbol: LedInit
   Definitions
      At line 42 in file start.s
   Uses
      At line 65 in file start.s
Comment: LedInit used once
SVC_Handler 00000000

Symbol: SVC_Handler
   Definitions
      At line 12 in file start.s
   Uses
      At line 26 in file start.s
Comment: SVC_Handler used once
SysTickInit 00000000

Symbol: SysTickInit
   Definitions
      At line 41 in file start.s
   Uses
      At line 63 in file start.s
Comment: SysTickInit used once
SysTick_Handler 00000000

Symbol: SysTick_Handler
   Definitions
      At line 13 in file start.s
   Uses
      At line 102 in file start.s
Comment: SysTick_Handler used once
SystemInit 00000000

Symbol: SystemInit
   Definitions
      At line 38 in file start.s
   Uses
      At line 46 in file start.s
Comment: SystemInit used once
UsageFaultInit 00000000

Symbol: UsageFaultInit
   Definitions
      At line 40 in file start.s
   Uses
      At line 50 in file start.s
Comment: UsageFaultInit used once
UsageFault_Handler 00000000

Symbol: UsageFault_Handler



ARM Macro Assembler    Page 2 Alphabetic symbol ordering
External symbols

   Definitions
      At line 11 in file start.s
   Uses
      At line 75 in file start.s
Comment: UsageFault_Handler used once
mymain 00000000

Symbol: mymain
   Definitions
      At line 36 in file start.s
   Uses
      At line 68 in file start.s
Comment: mymain used once
uart_init 00000000

Symbol: uart_init
   Definitions
      At line 39 in file start.s
   Uses
      At line 48 in file start.s
Comment: uart_init used once
10 symbols
351 symbols in table
